<?xml version="1.0" encoding="UTF-8"?>
<!-- Generated by org.testng.reporters.JUnitReportReporter -->
<testsuite hostname="DESKTOP-IQ8BD54" failures="0" tests="3" name="testCases.TC003LoginWithValidDataTest" time="9.180" errors="0" timestamp="2024-09-11T12:28:47 IST" skipped="0">
  <testcase classname="testCases.TC003LoginWithValidDataTest" name="loginWithValidData" time="2.999">
    <system-out>
      <![CDATA[LoginWith Valid Data TC003 Finished ]]>
    </system-out>
  </testcase> <!-- loginWithValidData -->
  <testcase classname="testCases.TC003LoginWithValidDataTest" name="loginWithValidData" time="2.980">
    <system-out>
      <![CDATA[LoginWith Valid Data TC003 Finished ]]>
    </system-out>
  </testcase> <!-- loginWithValidData -->
  <testcase classname="testCases.TC003LoginWithValidDataTest" name="loginWithValidData" time="3.201">
    <system-out>
      <![CDATA[LoginWith Valid Data TC003 Finished ]]>
    </system-out>
  </testcase> <!-- loginWithValidData -->
  <system-out>
    <![CDATA[Login Done 
LoginWith Valid Data TC003 Finished 
Logout Done
Login Done 
LoginWith Valid Data TC003 Finished 
Logout Done
Login Done 
LoginWith Valid Data TC003 Finished 
Logout Done]]>
  </system-out>
</testsuite> <!-- testCases.TC003LoginWithValidDataTest -->
