<?xml version="1.0" encoding="UTF-8"?>
<!-- Generated by org.testng.reporters.JUnitReportReporter -->
<testsuite hostname="DESKTOP-IQ8BD54" failures="0" tests="1" name="testCases.TCOO4Test" time="1.302" errors="0" timestamp="2024-09-02T19:28:25 IST" skipped="0">
  <testcase classname="testCases.TCOO4Test" name="multiDataFetchExcel" time="1.302"/>
</testsuite> <!-- testCases.TCOO4Test -->
